<?xml version="1.0" encoding="UTF-8"?>
<testsuite xmlns:xsi="http://www.w3.org/2001/XMLSchema-instance" xsi:noNamespaceSchemaLocation="https://maven.apache.org/surefire/maven-surefire-plugin/xsd/surefire-test-report-3.0.xsd" version="3.0" name="com.level.networth.service.ExchangeRateServiceTest" time="0.269" tests="4" errors="0" skipped="0" failures="0">
  <properties>
[...]
</properties>
  <testcase name="getRateToGBP_networkFails_fallsBackToCache" classname="com.level.networth.service.ExchangeRateServiceTest" time="0.047"/>
  <testcase name="getRateToGBP_apiAndCacheBothFail_returnsZero" classname="com.level.networth.service.ExchangeRateServiceTest" time="0.06"/>
  <testcase name="getRateToGBP_liveApiReturnsValidRate" classname="com.level.networth.service.ExchangeRateServiceTest" time="0.06"/>
  <testcase name="getRateToGBP_currencyIsGBP_returnsOne" classname="com.level.networth.service.ExchangeRateServiceTest" time="0.049"/>
</testsuite>